#
# A fatal error has been detected by the Java Runtime Environment:
#
#  EXCEPTION_ACCESS_VIOLATION (0xc0000005) at pc=0x00007ffc09fc10d3, pid=10020, tid=15308
#
# JRE version: Java(TM) SE Runtime Environment (21.0+35) (build 21+35-LTS-2513)
# Java VM: Java HotSpot(TM) 64-Bit Server VM (21+35-LTS-2513, mixed mode, sharing, tiered, compressed oops, compressed class ptrs, g1 gc, windows-amd64)
# Problematic frame:
# V  [jvm.dll+0x2510d3]
#
# No core dump will be written. Minidumps are not enabled by default on client versions of Windows
#
# If you would like to submit a bug report, please visit:
#   https://bugreport.java.com/bugreport/crash.jsp
#

---------------  S U M M A R Y ------------

Command Line: -Dclassworlds.conf=C:\Program Files\Maven\apache-maven-3.9.9\bin\m2.conf -Dmaven.home=C:\Program Files\Maven\apache-maven-3.9.9 -Dlibrary.jansi.path=C:\Program Files\Maven\apache-maven-3.9.9\lib\jansi-native -Dmaven.multiModuleProjectDirectory=C:\Users\Pichau\Desktop\estudos\loja-automatica org.codehaus.plexus.classworlds.launcher.Launcher clean install

Host: Intel(R) Core(TM) i5-9400F CPU @ 2.90GHz, 6 cores, 7G,  Windows 10 , 64 bit Build 19041 (10.0.19041.5915)
Time: Sun Aug 31 11:33:30 2025 Hora oficial do Brasil elapsed time: 4.997536 seconds (0d 0h 0m 4s)

---------------  T H R E A D  ---------------

Current thread (0x000001cf59723440):  JavaThread "C2 CompilerThread0" daemon [_thread_in_native, id=15308, stack(0x000000084ce00000,0x000000084cf00000) (1024K)]


Current CompileTask:
C2:   4997 5060       4       org.codehaus.plexus.util.xml.pull.MXParser::parseAttribute (1429 bytes)

Stack: [0x000000084ce00000,0x000000084cf00000],  sp=0x000000084cefd640,  free space=1013k
Native frames: (J=compiled Java code, j=interpreted, Vv=VM code, C=native code)
V  [jvm.dll+0x2510d3]
V  [jvm.dll+0x6ee597]
V  [jvm.dll+0x251ce7]
V  [jvm.dll+0x248a97]
V  [jvm.dll+0x1c9b91]
V  [jvm.dll+0x2583e9]
V  [jvm.dll+0x2569ca]
V  [jvm.dll+0x3eef66]
V  [jvm.dll+0x7fd2c8]
V  [jvm.dll+0x6c748d]
C  [ucrtbase.dll+0x21bb2]
C  [KERNEL32.DLL+0x17374]
C  [ntdll.dll+0x4cc91]


siginfo: EXCEPTION_ACCESS_VIOLATION (0xc0000005), reading address 0x0000000000000010


Registers:
RAX=0x000001cf599ff308, RBX=0x000000084cefd6f0, RCX=0x00000000ffc107eb, RDX=0x000001cfa17ab050
RSP=0x000000084cefd640, RBP=0x000001cfa0bb8d20, RSI=0x0000000000000000, RDI=0x0000000000000010
R8 =0x0000000000000001, R9 =0x000001cfa17ab450, R10=0x00007ffc5af10000, R11=0x0000000000000000
R12=0x00000000000001c9, R13=0x000001cfa0ba56d0, R14=0x0000000000000030, R15=0x0000000000000000
RIP=0x00007ffc09fc10d3, EFLAGS=0x0000000000010246


Register to memory mapping:

RAX=0x000001cf599ff308 points into unknown readable memory: 0x00007ffc0a715a90 | 90 5a 71 0a fc 7f 00 00
RBX=0x000000084cefd6f0 is pointing into the stack for thread: 0x000001cf59723440
RCX=0x00000000ffc107eb is an unallocated location in the heap
RDX=0x000001cfa17ab050 points into unknown readable memory: 0xcfce1f9bffc107eb | eb 07 c1 ff 9b 1f ce cf
RSP=0x000000084cefd640 is pointing into the stack for thread: 0x000001cf59723440
RBP=0x000001cfa0bb8d20 points into unknown readable memory: 0x000000084cefe520 | 20 e5 ef 4c 08 00 00 00
RSI=0x0 is null
RDI=0x0000000000000010 is an unknown value
R8 =0x0000000000000001 is an unknown value
R9 =0x000001cfa17ab450 points into unknown readable memory: 0x0000000000000000 | 00 00 00 00 00 00 00 00
R10=0x00007ffc5af10000 VCRUNTIME140.dll
R11=0x0 is null
R12=0x00000000000001c9 is an unknown value
R13=0x000001cfa0ba56d0 points into unknown readable memory: 0x0000000000000000 | 00 00 00 00 00 00 00 00
R14=0x0000000000000030 is an unknown value
R15=0x0 is null

Top of Stack: (sp=0x000000084cefd640)
0x000000084cefd640:   000000084cefd6f0 000001cfa0bb8d20
0x000000084cefd650:   000000084cefe3f0 0000000000001d3b
0x000000084cefd660:   0000000000000001 000000084cefd6e0
0x000000084cefd670:   000000084cefd960 000001cf59722720
0x000000084cefd680:   000000084cefe3f0 00007ffc0a45e597
0x000000084cefd690:   000000080000085c 000001cfa0bb8d20
0x000000084cefd6a0:   000001cf598f67c8 0000000000018360
0x000000084cefd6b0:   000001cf598f3980 00007ffc09fc1ce7
0x000000084cefd6c0:   000000084cefe3f0 000001cf598ee7e0
0x000000084cefd6d0:   000001cf59722720 000001cf59705430
0x000000084cefd6e0:   000001cf00000002 000000084cefe3f0
0x000000084cefd6f0:   000001cf59705430 000001cf00002000
0x000000084cefd700:   000001cfa0ddc620 000001cf00000a60
0x000000084cefd710:   000001cf08000000 000001cfa17ab050
0x000000084cefd720:   00007ffc08000000 000001cf59705430
0x000000084cefd730:   0000000800000000 000000084ceff1b0
0x000000084cefd740:   000000084cefd960 000001cf59b18190
0x000000084cefd750:   0000000000000000 000001cfffffffff
0x000000084cefd760:   0000000000000000 000001cf3d1ffdd0
0x000000084cefd770:   0000000000000000 0000000000000002
0x000000084cefd780:   000001cf596fa120 000001cfa0bb8d90
0x000000084cefd790:   0000000000000001 00007ffc09fb8a97
0x000000084cefd7a0:   000001cf9f2e5110 000000084cefd8a0
0x000000084cefd7b0:   000000084cefe3f0 000001cfa0bb8d90
0x000000084cefd7c0:   000001cf598e0a00 000001cf598e0aa0
0x000000084cefd7d0:   000000084cefe3f0 000001cf598e0b60
0x000000084cefd7e0:   000001cf5976ccc0 000001cf598e10a0
0x000000084cefd7f0:   0000000000000000 0000000000000000
0x000000084cefd800:   0000000000000002 000001cf598e0500
0x000000084cefd810:   000001cf598e05c0 00007ffc0a709a9c
0x000000084cefd820:   0000000000000000 0000000000000000
0x000000084cefd830:   0000000000000000 00007ffc0a709a9c 

Instructions: (pc=0x00007ffc09fc10d3)
0x00007ffc09fc0fd3:   f7 d8 4d 8d 24 c4 4c 3b e6 0f 83 0e fe ff ff 4c
0x00007ffc09fc0fe3:   8b 7c 24 30 4c 8b 74 24 38 48 8b 7c 24 40 48 8b
0x00007ffc09fc0ff3:   ac 24 80 00 00 00 48 83 c4 48 41 5d 41 5c 5e 5b
0x00007ffc09fc1003:   c3 cc cc cc cc cc cc cc cc cc cc cc cc 40 53 56
0x00007ffc09fc1013:   57 48 83 ec 30 8b b9 50 02 00 00 48 8b da 2b b9
0x00007ffc09fc1023:   78 02 00 00 48 8b f1 3b 7a 08 72 0a 8b d7 48 8b
0x00007ffc09fc1033:   cb e8 17 49 45 00 48 8b 43 10 48 c7 04 f8 00 00
0x00007ffc09fc1043:   00 00 48 8b 96 e0 02 00 00 48 85 d2 74 08 48 8b
0x00007ffc09fc1053:   cb e8 b7 fb e7 ff 48 8b 96 e8 02 00 00 48 85 d2
0x00007ffc09fc1063:   74 08 48 8b cb e8 a3 fb e7 ff 33 c0 89 44 24 50
0x00007ffc09fc1073:   39 43 18 0f 86 f8 00 00 00 48 89 6c 24 58 4c 89
0x00007ffc09fc1083:   64 24 60 4c 89 6c 24 68 4c 89 74 24 28 4c 89 7c
0x00007ffc09fc1093:   24 20 66 66 66 0f 1f 84 00 00 00 00 00 8b c8 48
0x00007ffc09fc10a3:   8b 43 10 4c 8b 2c c8 41 8b 45 1c 85 c0 0f 84 92
0x00007ffc09fc10b3:   00 00 00 45 33 f6 44 8b e0 0f 1f 40 00 49 8b 45
0x00007ffc09fc10c3:   08 49 8b 3c 06 48 85 ff 74 6d 40 f6 c7 01 75 67
0x00007ffc09fc10d3:   48 83 3f fe 74 61 44 8b 7f 28 41 8b f7 c1 ee 05
0x00007ffc09fc10e3:   3b 73 20 72 0b 8b d6 48 8d 4b 20 e8 dd b3 5e 00
0x00007ffc09fc10f3:   48 8b 43 28 41 83 e7 1f 48 8d 14 b0 41 0f b6 cf
0x00007ffc09fc1103:   41 b8 01 00 00 00 41 d3 e0 8b 0a 8b c1 41 0b c0
0x00007ffc09fc1113:   89 02 41 85 c8 75 20 8b 73 18 8d 46 01 89 43 18
0x00007ffc09fc1123:   3b 73 08 72 0a 8b d6 48 8b cb e8 1e 48 45 00 48
0x00007ffc09fc1133:   8b 43 10 48 89 3c f0 49 83 c6 08 49 83 ec 01 0f
0x00007ffc09fc1143:   85 78 ff ff ff 8b 44 24 50 ff c0 89 44 24 50 3b
0x00007ffc09fc1153:   43 18 0f 82 45 ff ff ff 4c 8b 7c 24 20 4c 8b 74
0x00007ffc09fc1163:   24 28 4c 8b 6c 24 68 4c 8b 64 24 60 48 8b 6c 24
0x00007ffc09fc1173:   58 48 83 c4 30 5f 5e 5b c3 cc cc cc cc 40 53 48
0x00007ffc09fc1183:   83 ec 20 48 8b 81 f0 02 00 00 48 8b d9 48 85 c0
0x00007ffc09fc1193:   75 27 e8 76 37 00 00 48 8b d0 48 8b 48 10 48 8b
0x00007ffc09fc11a3:   01 48 3b c2 74 06 83 78 38 02 74 06 48 83 c1 08
0x00007ffc09fc11b3:   eb ec 48 89 83 f0 02 00 00 48 83 c4 20 5b c3 cc
0x00007ffc09fc11c3:   cc cc cc cc cc cc cc cc cc cc cc cc cc 48 8b c4 


Stack slot to memory mapping:

stack at sp + 0 slots: 0x000000084cefd6f0 is pointing into the stack for thread: 0x000001cf59723440
stack at sp + 1 slots: 0x000001cfa0bb8d20 points into unknown readable memory: 0x000000084cefe520 | 20 e5 ef 4c 08 00 00 00
stack at sp + 2 slots: 0x000000084cefe3f0 is pointing into the stack for thread: 0x000001cf59723440
stack at sp + 3 slots: 0x0000000000001d3b is an unknown value
stack at sp + 4 slots: 0x0000000000000001 is an unknown value
stack at sp + 5 slots: 0x000000084cefd6e0 is pointing into the stack for thread: 0x000001cf59723440
stack at sp + 6 slots: 0x000000084cefd960 is pointing into the stack for thread: 0x000001cf59723440
stack at sp + 7 slots: 0x000001cf59722720 points into unknown readable memory: 0x0000000000000000 | 00 00 00 00 00 00 00 00


---------------  P R O C E S S  ---------------

Threads class SMR info:
_java_thread_list=0x000001cf9fd14f80, length=13, elements={
0x000001cf3b013280, 0x000001cf5971ac00, 0x000001cf5971b920, 0x000001cf5971d4f0,
0x000001cf5971ef60, 0x000001cf5971f9c0, 0x000001cf597206a0, 0x000001cf59723440,
0x000001cf597273e0, 0x000001cf599c0be0, 0x000001cf599c9e40, 0x000001cf9f6fb7c0,
0x000001cf9fd4ae40
}

Java Threads: ( => current thread )
  0x000001cf3b013280 JavaThread "main"                              [_thread_in_vm, id=7636, stack(0x000000084c000000,0x000000084c100000) (1024K)]
  0x000001cf5971ac00 JavaThread "Reference Handler"          daemon [_thread_blocked, id=13956, stack(0x000000084c800000,0x000000084c900000) (1024K)]
  0x000001cf5971b920 JavaThread "Finalizer"                  daemon [_thread_blocked, id=3420, stack(0x000000084c900000,0x000000084ca00000) (1024K)]
  0x000001cf5971d4f0 JavaThread "Signal Dispatcher"          daemon [_thread_blocked, id=13248, stack(0x000000084ca00000,0x000000084cb00000) (1024K)]
  0x000001cf5971ef60 JavaThread "Attach Listener"            daemon [_thread_blocked, id=960, stack(0x000000084cb00000,0x000000084cc00000) (1024K)]
  0x000001cf5971f9c0 JavaThread "Service Thread"             daemon [_thread_blocked, id=14672, stack(0x000000084cc00000,0x000000084cd00000) (1024K)]
  0x000001cf597206a0 JavaThread "Monitor Deflation Thread"   daemon [_thread_blocked, id=11500, stack(0x000000084cd00000,0x000000084ce00000) (1024K)]
=>0x000001cf59723440 JavaThread "C2 CompilerThread0"         daemon [_thread_in_native, id=15308, stack(0x000000084ce00000,0x000000084cf00000) (1024K)]
  0x000001cf597273e0 JavaThread "C1 CompilerThread0"         daemon [_thread_blocked, id=15804, stack(0x000000084cf00000,0x000000084d000000) (1024K)]
  0x000001cf599c0be0 JavaThread "Notification Thread"        daemon [_thread_blocked, id=16288, stack(0x000000084d000000,0x000000084d100000) (1024K)]
  0x000001cf599c9e40 JavaThread "Common-Cleaner"             daemon [_thread_blocked, id=6116, stack(0x000000084d100000,0x000000084d200000) (1024K)]
  0x000001cf9f6fb7c0 JavaThread "C2 CompilerThread1"         daemon [_thread_in_native, id=4124, stack(0x000000084d200000,0x000000084d300000) (1024K)]
  0x000001cf9fd4ae40 JavaThread "Thread-1"                   daemon [_thread_blocked, id=10424, stack(0x000000084d800000,0x000000084d900000) (1024K)]
Total: 13

Other Threads:
  0x000001cf596fda40 VMThread "VM Thread"                           [id=12700, stack(0x000000084c700000,0x000000084c800000) (1024K)]
  0x000001cf596e5420 WatcherThread "VM Periodic Task Thread"        [id=14724, stack(0x000000084c600000,0x000000084c700000) (1024K)]
  0x000001cf3d2455e0 WorkerThread "GC Thread#0"                     [id=15112, stack(0x000000084c100000,0x000000084c200000) (1024K)]
  0x000001cf9f753bd0 WorkerThread "GC Thread#1"                     [id=14052, stack(0x000000084d300000,0x000000084d400000) (1024K)]
  0x000001cf9f753f70 WorkerThread "GC Thread#2"                     [id=2576, stack(0x000000084d400000,0x000000084d500000) (1024K)]
  0x000001cf9f262020 WorkerThread "GC Thread#3"                     [id=16340, stack(0x000000084d500000,0x000000084d600000) (1024K)]
  0x000001cf9f924a10 WorkerThread "GC Thread#4"                     [id=10484, stack(0x000000084d600000,0x000000084d700000) (1024K)]
  0x000001cf9f7fe020 WorkerThread "GC Thread#5"                     [id=14900, stack(0x000000084d700000,0x000000084d800000) (1024K)]
  0x000001cf3d256a80 ConcurrentGCThread "G1 Main Marker"            [id=13188, stack(0x000000084c200000,0x000000084c300000) (1024K)]
  0x000001cf3d257480 WorkerThread "G1 Conc#0"                       [id=13344, stack(0x000000084c300000,0x000000084c400000) (1024K)]
  0x000001cf9fdc2390 WorkerThread "G1 Conc#1"                       [id=15612, stack(0x000000084d900000,0x000000084da00000) (1024K)]
  0x000001cf3d2bd4f0 ConcurrentGCThread "G1 Refine#0"               [id=7956, stack(0x000000084c400000,0x000000084c500000) (1024K)]
  0x000001cf595a60e0 ConcurrentGCThread "G1 Service"                [id=7768, stack(0x000000084c500000,0x000000084c600000) (1024K)]
Total: 13

Threads with active compile tasks:
C2 CompilerThread0     5109 5060       4       org.codehaus.plexus.util.xml.pull.MXParser::parseAttribute (1429 bytes)
C1 CompilerThread0     5109 6329   !   2       com.sun.tools.javac.jvm.ClassReader::classSigToType (482 bytes)
C2 CompilerThread1     5109 6244   !   4       java.lang.String::<init> (893 bytes)
Total: 3

VM state: not at safepoint (normal execution)

VM Mutex/Monitor currently owned by a thread: None

Heap address: 0x0000000081000000, size: 2032 MB, Compressed Oops mode: 32-bit

CDS archive(s) mapped at: [0x000001cf5a000000-0x000001cf5ac90000-0x000001cf5ac90000), size 13172736, SharedBaseAddress: 0x000001cf5a000000, ArchiveRelocationMode: 1.
Compressed class space mapped at: 0x000001cf5b000000-0x000001cf9b000000, reserved size: 1073741824
Narrow klass base: 0x000001cf5a000000, Narrow klass shift: 0, Narrow klass range: 0x100000000

GC Precious Log:
 CardTable entry size: 512
 Card Set container configuration: InlinePtr #cards 5 size 8 Array Of Cards #cards 12 size 40 Howl #buckets 4 coarsen threshold 1843 Howl Bitmap #cards 512 size 80 coarsen threshold 460 Card regions per heap region 1 cards per card region 2048
 CPUs: 6 total, 6 available
 Memory: 8127M
 Large Page Support: Disabled
 NUMA Support: Disabled
 Compressed Oops: Enabled (32-bit)
 Heap Region Size: 1M
 Heap Min Capacity: 8M
 Heap Initial Capacity: 128M
 Heap Max Capacity: 2032M
 Pre-touch: Disabled
 Parallel Workers: 6
 Concurrent Workers: 2
 Concurrent Refinement Workers: 6
 Periodic GC: Disabled

Heap:
 garbage-first heap   total 102400K, used 98217K [0x0000000081000000, 0x0000000100000000)
  region size 1024K, 73 young (74752K), 10 survivors (10240K)
 Metaspace       used 27251K, committed 27584K, reserved 1114112K
  class space    used 3067K, committed 3200K, reserved 1048576K

Heap Regions: E=young(eden), S=young(survivor), O=old, HS=humongous(starts), HC=humongous(continues), CS=collection set, F=free, TAMS=top-at-mark-start, PB=parsable bottom
|   0|0x0000000081000000, 0x0000000081100000, 0x0000000081100000|100%| O|  |TAMS 0x0000000081000000| PB 0x0000000081000000| Untracked 
|   1|0x0000000081100000, 0x0000000081200000, 0x0000000081200000|100%| O|  |TAMS 0x0000000081100000| PB 0x0000000081100000| Untracked 
|   2|0x0000000081200000, 0x0000000081300000, 0x0000000081300000|100%| O|  |TAMS 0x0000000081200000| PB 0x0000000081200000| Untracked 
|   3|0x0000000081300000, 0x0000000081400000, 0x0000000081400000|100%| O|  |TAMS 0x0000000081300000| PB 0x0000000081300000| Untracked 
|   4|0x0000000081400000, 0x0000000081500000, 0x0000000081500000|100%| O|  |TAMS 0x0000000081400000| PB 0x0000000081400000| Untracked 
|   5|0x0000000081500000, 0x0000000081600000, 0x0000000081600000|100%| O|  |TAMS 0x0000000081500000| PB 0x0000000081500000| Untracked 
|   6|0x0000000081600000, 0x0000000081700000, 0x0000000081700000|100%| O|  |TAMS 0x0000000081600000| PB 0x0000000081600000| Untracked 
|   7|0x0000000081700000, 0x0000000081800000, 0x0000000081800000|100%| O|  |TAMS 0x0000000081700000| PB 0x0000000081700000| Untracked 
|   8|0x0000000081800000, 0x0000000081900000, 0x0000000081900000|100%| O|  |TAMS 0x0000000081800000| PB 0x0000000081800000| Untracked 
|   9|0x0000000081900000, 0x0000000081a00000, 0x0000000081a00000|100%| O|  |TAMS 0x0000000081900000| PB 0x0000000081900000| Untracked 
|  10|0x0000000081a00000, 0x0000000081b00000, 0x0000000081b00000|100%| O|  |TAMS 0x0000000081a00000| PB 0x0000000081a00000| Untracked 
|  11|0x0000000081b00000, 0x0000000081c00000, 0x0000000081c00000|100%| O|  |TAMS 0x0000000081b00000| PB 0x0000000081b00000| Untracked 
|  12|0x0000000081c00000, 0x0000000081cea5f8, 0x0000000081d00000| 91%| O|Cm|TAMS 0x0000000081c00000| PB 0x0000000081c00000| Complete 
|  13|0x0000000081d00000, 0x0000000081e00000, 0x0000000081e00000|100%|HS|  |TAMS 0x0000000081d00000| PB 0x0000000081d00000| Complete 
|  14|0x0000000081e00000, 0x0000000081f00000, 0x0000000081f00000|100%|HS|  |TAMS 0x0000000081e00000| PB 0x0000000081e00000| Complete 
|  15|0x0000000081f00000, 0x0000000082000000, 0x0000000082000000|100%|HC|  |TAMS 0x0000000081f00000| PB 0x0000000081f00000| Complete 
|  16|0x0000000082000000, 0x0000000082100000, 0x0000000082100000|100%|HS|  |TAMS 0x0000000082000000| PB 0x0000000082000000| Complete 
|  17|0x0000000082100000, 0x0000000082200000, 0x0000000082200000|100%|HC|  |TAMS 0x0000000082100000| PB 0x0000000082100000| Complete 
|  18|0x0000000082200000, 0x0000000082300000, 0x0000000082300000|100%|HS|  |TAMS 0x0000000082200000| PB 0x0000000082200000| Complete 
|  19|0x0000000082300000, 0x0000000082400000, 0x0000000082400000|100%|HC|  |TAMS 0x0000000082300000| PB 0x0000000082300000| Complete 
|  20|0x0000000082400000, 0x0000000082500000, 0x0000000082500000|100%|HC|  |TAMS 0x0000000082400000| PB 0x0000000082400000| Complete 
|  21|0x0000000082500000, 0x0000000082600000, 0x0000000082600000|100%|HS|  |TAMS 0x0000000082500000| PB 0x0000000082500000| Complete 
|  22|0x0000000082600000, 0x0000000082700000, 0x0000000082700000|100%|HC|  |TAMS 0x0000000082600000| PB 0x0000000082600000| Complete 
|  23|0x0000000082700000, 0x0000000082800000, 0x0000000082800000|100%|HC|  |TAMS 0x0000000082700000| PB 0x0000000082700000| Complete 
|  24|0x0000000082800000, 0x0000000082800000, 0x0000000082900000|  0%| F|  |TAMS 0x0000000082800000| PB 0x0000000082800000| Untracked 
|  25|0x0000000082900000, 0x0000000082900000, 0x0000000082a00000|  0%| F|  |TAMS 0x0000000082900000| PB 0x0000000082900000| Untracked 
|  26|0x0000000082a00000, 0x0000000082a00000, 0x0000000082b00000|  0%| F|  |TAMS 0x0000000082a00000| PB 0x0000000082a00000| Untracked 
|  27|0x0000000082b00000, 0x0000000082c00000, 0x0000000082c00000|100%| E|  |TAMS 0x0000000082b00000| PB 0x0000000082b00000| Complete 
|  28|0x0000000082c00000, 0x0000000082d00000, 0x0000000082d00000|100%| E|CS|TAMS 0x0000000082c00000| PB 0x0000000082c00000| Complete 
|  29|0x0000000082d00000, 0x0000000082e00000, 0x0000000082e00000|100%| E|CS|TAMS 0x0000000082d00000| PB 0x0000000082d00000| Complete 
|  30|0x0000000082e00000, 0x0000000082f00000, 0x0000000082f00000|100%| E|CS|TAMS 0x0000000082e00000| PB 0x0000000082e00000| Complete 
|  31|0x0000000082f00000, 0x0000000083000000, 0x0000000083000000|100%| E|CS|TAMS 0x0000000082f00000| PB 0x0000000082f00000| Complete 
|  32|0x0000000083000000, 0x0000000083100000, 0x0000000083100000|100%| E|CS|TAMS 0x0000000083000000| PB 0x0000000083000000| Complete 
|  33|0x0000000083100000, 0x0000000083200000, 0x0000000083200000|100%| E|CS|TAMS 0x0000000083100000| PB 0x0000000083100000| Complete 
|  34|0x0000000083200000, 0x0000000083300000, 0x0000000083300000|100%| E|CS|TAMS 0x0000000083200000| PB 0x0000000083200000| Complete 
|  35|0x0000000083300000, 0x0000000083400000, 0x0000000083400000|100%| E|CS|TAMS 0x0000000083300000| PB 0x0000000083300000| Complete 
|  36|0x0000000083400000, 0x0000000083500000, 0x0000000083500000|100%| E|CS|TAMS 0x0000000083400000| PB 0x0000000083400000| Complete 
|  37|0x0000000083500000, 0x0000000083600000, 0x0000000083600000|100%| E|CS|TAMS 0x0000000083500000| PB 0x0000000083500000| Complete 
|  38|0x0000000083600000, 0x0000000083700000, 0x0000000083700000|100%| E|CS|TAMS 0x0000000083600000| PB 0x0000000083600000| Complete 
|  39|0x0000000083700000, 0x0000000083800000, 0x0000000083800000|100%| E|CS|TAMS 0x0000000083700000| PB 0x0000000083700000| Complete 
|  40|0x0000000083800000, 0x0000000083900000, 0x0000000083900000|100%| E|CS|TAMS 0x0000000083800000| PB 0x0000000083800000| Complete 
|  41|0x0000000083900000, 0x0000000083a00000, 0x0000000083a00000|100%| E|CS|TAMS 0x0000000083900000| PB 0x0000000083900000| Complete 
|  42|0x0000000083a00000, 0x0000000083b00000, 0x0000000083b00000|100%| E|CS|TAMS 0x0000000083a00000| PB 0x0000000083a00000| Complete 
|  43|0x0000000083b00000, 0x0000000083c00000, 0x0000000083c00000|100%| E|CS|TAMS 0x0000000083b00000| PB 0x0000000083b00000| Complete 
|  44|0x0000000083c00000, 0x0000000083d00000, 0x0000000083d00000|100%| E|CS|TAMS 0x0000000083c00000| PB 0x0000000083c00000| Complete 
|  45|0x0000000083d00000, 0x0000000083e00000, 0x0000000083e00000|100%| E|CS|TAMS 0x0000000083d00000| PB 0x0000000083d00000| Complete 
|  46|0x0000000083e00000, 0x0000000083f00000, 0x0000000083f00000|100%| E|CS|TAMS 0x0000000083e00000| PB 0x0000000083e00000| Complete 
|  47|0x0000000083f00000, 0x0000000084000000, 0x0000000084000000|100%| E|CS|TAMS 0x0000000083f00000| PB 0x0000000083f00000| Complete 
|  48|0x0000000084000000, 0x0000000084100000, 0x0000000084100000|100%| E|CS|TAMS 0x0000000084000000| PB 0x0000000084000000| Complete 
|  49|0x0000000084100000, 0x0000000084200000, 0x0000000084200000|100%| E|CS|TAMS 0x0000000084100000| PB 0x0000000084100000| Complete 
|  50|0x0000000084200000, 0x0000000084300000, 0x0000000084300000|100%| E|CS|TAMS 0x0000000084200000| PB 0x0000000084200000| Complete 
|  51|0x0000000084300000, 0x0000000084400000, 0x0000000084400000|100%| E|CS|TAMS 0x0000000084300000| PB 0x0000000084300000| Complete 
|  52|0x0000000084400000, 0x0000000084500000, 0x0000000084500000|100%| E|CS|TAMS 0x0000000084400000| PB 0x0000000084400000| Complete 
|  53|0x0000000084500000, 0x0000000084600000, 0x0000000084600000|100%| E|CS|TAMS 0x0000000084500000| PB 0x0000000084500000| Complete 
|  54|0x0000000084600000, 0x0000000084700000, 0x0000000084700000|100%| E|CS|TAMS 0x0000000084600000| PB 0x0000000084600000| Complete 
|  55|0x0000000084700000, 0x0000000084800000, 0x0000000084800000|100%| E|CS|TAMS 0x0000000084700000| PB 0x0000000084700000| Complete 
|  56|0x0000000084800000, 0x0000000084900000, 0x0000000084900000|100%| E|CS|TAMS 0x0000000084800000| PB 0x0000000084800000| Complete 
|  57|0x0000000084900000, 0x0000000084a00000, 0x0000000084a00000|100%| E|CS|TAMS 0x0000000084900000| PB 0x0000000084900000| Complete 
|  58|0x0000000084a00000, 0x0000000084b00000, 0x0000000084b00000|100%| E|CS|TAMS 0x0000000084a00000| PB 0x0000000084a00000| Complete 
|  59|0x0000000084b00000, 0x0000000084c00000, 0x0000000084c00000|100%| E|CS|TAMS 0x0000000084b00000| PB 0x0000000084b00000| Complete 
|  60|0x0000000084c00000, 0x0000000084d00000, 0x0000000084d00000|100%| E|CS|TAMS 0x0000000084c00000| PB 0x0000000084c00000| Complete 
|  61|0x0000000084d00000, 0x0000000084e00000, 0x0000000084e00000|100%| E|CS|TAMS 0x0000000084d00000| PB 0x0000000084d00000| Complete 
|  62|0x0000000084e00000, 0x0000000084f00000, 0x0000000084f00000|100%| S|CS|TAMS 0x0000000084e00000| PB 0x0000000084e00000| Complete 
|  63|0x0000000084f00000, 0x0000000085000000, 0x0000000085000000|100%| S|CS|TAMS 0x0000000084f00000| PB 0x0000000084f00000| Complete 
|  64|0x0000000085000000, 0x0000000085100000, 0x0000000085100000|100%| S|CS|TAMS 0x0000000085000000| PB 0x0000000085000000| Complete 
|  65|0x0000000085100000, 0x0000000085200000, 0x0000000085200000|100%| S|CS|TAMS 0x0000000085100000| PB 0x0000000085100000| Complete 
|  66|0x0000000085200000, 0x0000000085300000, 0x0000000085300000|100%| S|CS|TAMS 0x0000000085200000| PB 0x0000000085200000| Complete 
|  67|0x0000000085300000, 0x0000000085400000, 0x0000000085400000|100%| S|CS|TAMS 0x0000000085300000| PB 0x0000000085300000| Complete 
|  68|0x0000000085400000, 0x0000000085500000, 0x0000000085500000|100%| S|CS|TAMS 0x0000000085400000| PB 0x0000000085400000| Complete 
|  69|0x0000000085500000, 0x0000000085600000, 0x0000000085600000|100%| S|CS|TAMS 0x0000000085500000| PB 0x0000000085500000| Complete 
|  70|0x0000000085600000, 0x0000000085700000, 0x0000000085700000|100%| S|CS|TAMS 0x0000000085600000| PB 0x0000000085600000| Complete 
|  71|0x0000000085700000, 0x0000000085800000, 0x0000000085800000|100%| S|CS|TAMS 0x0000000085700000| PB 0x0000000085700000| Complete 
|  72|0x0000000085800000, 0x0000000085900000, 0x0000000085900000|100%| E|CS|TAMS 0x0000000085800000| PB 0x0000000085800000| Complete 
|  73|0x0000000085900000, 0x0000000085a00000, 0x0000000085a00000|100%| E|CS|TAMS 0x0000000085900000| PB 0x0000000085900000| Complete 
|  74|0x0000000085a00000, 0x0000000085b00000, 0x0000000085b00000|100%| E|CS|TAMS 0x0000000085a00000| PB 0x0000000085a00000| Complete 
|  75|0x0000000085b00000, 0x0000000085c00000, 0x0000000085c00000|100%| E|CS|TAMS 0x0000000085b00000| PB 0x0000000085b00000| Complete 
|  76|0x0000000085c00000, 0x0000000085d00000, 0x0000000085d00000|100%| E|CS|TAMS 0x0000000085c00000| PB 0x0000000085c00000| Complete 
|  77|0x0000000085d00000, 0x0000000085e00000, 0x0000000085e00000|100%| E|CS|TAMS 0x0000000085d00000| PB 0x0000000085d00000| Complete 
|  78|0x0000000085e00000, 0x0000000085f00000, 0x0000000085f00000|100%| E|CS|TAMS 0x0000000085e00000| PB 0x0000000085e00000| Complete 
|  79|0x0000000085f00000, 0x0000000086000000, 0x0000000086000000|100%| E|CS|TAMS 0x0000000085f00000| PB 0x0000000085f00000| Complete 
|  80|0x0000000086000000, 0x0000000086100000, 0x0000000086100000|100%| E|CS|TAMS 0x0000000086000000| PB 0x0000000086000000| Complete 
|  81|0x0000000086100000, 0x0000000086200000, 0x0000000086200000|100%| E|CS|TAMS 0x0000000086100000| PB 0x0000000086100000| Complete 
|  82|0x0000000086200000, 0x0000000086300000, 0x0000000086300000|100%| E|CS|TAMS 0x0000000086200000| PB 0x0000000086200000| Complete 
|  83|0x0000000086300000, 0x0000000086400000, 0x0000000086400000|100%| E|CS|TAMS 0x0000000086300000| PB 0x0000000086300000| Complete 
|  84|0x0000000086400000, 0x0000000086500000, 0x0000000086500000|100%| E|CS|TAMS 0x0000000086400000| PB 0x0000000086400000| Complete 
|  85|0x0000000086500000, 0x0000000086600000, 0x0000000086600000|100%| E|CS|TAMS 0x0000000086500000| PB 0x0000000086500000| Complete 
|  86|0x0000000086600000, 0x0000000086700000, 0x0000000086700000|100%| E|CS|TAMS 0x0000000086600000| PB 0x0000000086600000| Complete 
|  87|0x0000000086700000, 0x0000000086800000, 0x0000000086800000|100%| E|CS|TAMS 0x0000000086700000| PB 0x0000000086700000| Complete 
|  88|0x0000000086800000, 0x0000000086900000, 0x0000000086900000|100%| E|CS|TAMS 0x0000000086800000| PB 0x0000000086800000| Complete 
|  89|0x0000000086900000, 0x0000000086a00000, 0x0000000086a00000|100%| E|CS|TAMS 0x0000000086900000| PB 0x0000000086900000| Complete 
|  90|0x0000000086a00000, 0x0000000086b00000, 0x0000000086b00000|100%| E|CS|TAMS 0x0000000086a00000| PB 0x0000000086a00000| Complete 
|  91|0x0000000086b00000, 0x0000000086c00000, 0x0000000086c00000|100%| E|CS|TAMS 0x0000000086b00000| PB 0x0000000086b00000| Complete 
|  92|0x0000000086c00000, 0x0000000086d00000, 0x0000000086d00000|100%| E|CS|TAMS 0x0000000086c00000| PB 0x0000000086c00000| Complete 
|  93|0x0000000086d00000, 0x0000000086e00000, 0x0000000086e00000|100%| E|CS|TAMS 0x0000000086d00000| PB 0x0000000086d00000| Complete 
|  94|0x0000000086e00000, 0x0000000086f00000, 0x0000000086f00000|100%| E|CS|TAMS 0x0000000086e00000| PB 0x0000000086e00000| Complete 
|  95|0x0000000086f00000, 0x0000000087000000, 0x0000000087000000|100%| E|CS|TAMS 0x0000000086f00000| PB 0x0000000086f00000| Complete 
|  96|0x0000000087000000, 0x0000000087100000, 0x0000000087100000|100%| E|CS|TAMS 0x0000000087000000| PB 0x0000000087000000| Complete 
|  97|0x0000000087100000, 0x0000000087200000, 0x0000000087200000|100%| E|CS|TAMS 0x0000000087100000| PB 0x0000000087100000| Complete 
|  98|0x0000000087200000, 0x0000000087300000, 0x0000000087300000|100%| E|CS|TAMS 0x0000000087200000| PB 0x0000000087200000| Complete 
| 127|0x0000000088f00000, 0x0000000089000000, 0x0000000089000000|100%| E|CS|TAMS 0x0000000088f00000| PB 0x0000000088f00000| Complete 

Card table byte_map: [0x000001cf54b60000,0x000001cf54f60000] _byte_map_base: 0x000001cf54758000

Marking Bits: (CMBitMap*) 0x000001cf3d245be0
 Bits: [0x000001cf54f60000, 0x000001cf56f20000)

Polling page: 0x000001cf3b120000

Metaspace:

Usage:
  Non-class:     23.62 MB used.
      Class:      3.00 MB used.
       Both:     26.62 MB used.

Virtual space:
  Non-class space:       64.00 MB reserved,      23.81 MB ( 37%) committed,  1 nodes.
      Class space:        1.00 GB reserved,       3.12 MB ( <1%) committed,  1 nodes.
             Both:        1.06 GB reserved,      26.94 MB (  2%) committed. 

Chunk freelists:
   Non-Class:  7.88 MB
       Class:  12.82 MB
        Both:  20.69 MB

MaxMetaspaceSize: unlimited
CompressedClassSpaceSize: 1.00 GB
Initial GC threshold: 21.00 MB
Current GC threshold: 35.31 MB
CDS: on
 - commit_granule_bytes: 65536.
 - commit_granule_words: 8192.
 - virtual_space_node_default_size: 8388608.
 - enlarge_chunks_in_place: 1.
 - use_allocation_guard: 0.


Internal statistics:

num_allocs_failed_limit: 3.
num_arena_births: 238.
num_arena_deaths: 0.
num_vsnodes_births: 2.
num_vsnodes_deaths: 0.
num_space_committed: 431.
num_space_uncommitted: 0.
num_chunks_returned_to_freelist: 3.
num_chunks_taken_from_freelist: 1189.
num_chunk_merges: 0.
num_chunk_splits: 849.
num_chunks_enlarged: 695.
num_inconsistent_stats: 0.

CodeHeap 'non-profiled nmethods': size=120000Kb used=3350Kb max_used=3350Kb free=116649Kb
 bounds [0x000001cf4d120000, 0x000001cf4d470000, 0x000001cf54650000]
CodeHeap 'profiled nmethods': size=120000Kb used=14166Kb max_used=14166Kb free=105833Kb
 bounds [0x000001cf45650000, 0x000001cf46430000, 0x000001cf4cb80000]
CodeHeap 'non-nmethods': size=5760Kb used=1448Kb max_used=1500Kb free=4311Kb
 bounds [0x000001cf4cb80000, 0x000001cf4cdf0000, 0x000001cf4d120000]
 total_blobs=6853 nmethods=6319 adapters=438
 compilation: enabled
              stopped_count=0, restarted_count=0
 full_count=0

Compilation events (20 events):
Event: 4.114 Thread 0x000001cf597273e0 nmethod 5472 0x000001cf461e9590 code [0x000001cf461e97a0, 0x000001cf461e9d50]
Event: 4.114 Thread 0x000001cf597273e0 5475       3       java.lang.ClassLoader::defineClass (108 bytes)
Event: 4.115 Thread 0x000001cf597273e0 nmethod 5475 0x000001cf461ea010 code [0x000001cf461ea320, 0x000001cf461eb350]
Event: 4.120 Thread 0x000001cf9f6fb7c0 nmethod 5358 0x000001cf4d400f10 code [0x000001cf4d401120, 0x000001cf4d401c98]
Event: 4.120 Thread 0x000001cf9f6fb7c0 5385       4       java.lang.String::<init> (15 bytes)
Event: 4.121 Thread 0x000001cf9f6fb7c0 nmethod 5385 0x000001cf4d402090 code [0x000001cf4d402220, 0x000001cf4d402398]
Event: 4.121 Thread 0x000001cf9f6fb7c0 5374       4       jdk.nio.zipfs.ZipFileSystem$ParentLookup::equals (34 bytes)
Event: 4.124 Thread 0x000001cf9f6fb7c0 nmethod 5374 0x000001cf4d402410 code [0x000001cf4d4025c0, 0x000001cf4d4028d0]
Event: 4.124 Thread 0x000001cf9f6fb7c0 5375       4       java.util.Arrays::equals (56 bytes)
Event: 4.127 Thread 0x000001cf9f6fb7c0 nmethod 5375 0x000001cf4d402b90 code [0x000001cf4d402d40, 0x000001cf4d403178]
Event: 4.137 Thread 0x000001cf9f6fb7c0 5476       4       jdk.internal.jimage.BasicImageReader::match (37 bytes)
Event: 4.138 Thread 0x000001cf597273e0 5477       3       com.sun.tools.javac.util.List::nil (4 bytes)
Event: 4.138 Thread 0x000001cf597273e0 nmethod 5477 0x000001cf461eb910 code [0x000001cf461ebaa0, 0x000001cf461ebb98]
Event: 4.141 Thread 0x000001cf9f6fb7c0 nmethod 5476 0x000001cf4d403510 code [0x000001cf4d4036e0, 0x000001cf4d403b60]
Event: 4.145 Thread 0x000001cf9f6fb7c0 5478       4       jdk.internal.org.objectweb.asm.ByteVector::put12 (64 bytes)
Event: 4.146 Thread 0x000001cf9f6fb7c0 nmethod 5478 0x000001cf4d403f90 code [0x000001cf4d404140, 0x000001cf4d404338]
Event: 4.149 Thread 0x000001cf597273e0 5479       3       jdk.internal.org.objectweb.asm.SymbolTable::putBootstrapMethods (56 bytes)
Event: 4.149 Thread 0x000001cf597273e0 nmethod 5479 0x000001cf461ebc10 code [0x000001cf461ebe20, 0x000001cf461ec148]
Event: 4.153 Thread 0x000001cf597273e0 5480       3       java.lang.invoke.MethodHandles$Lookup::getDirectMethodNoSecurityManager (18 bytes)
Event: 4.153 Thread 0x000001cf597273e0 nmethod 5480 0x000001cf461ec310 code [0x000001cf461ec4c0, 0x000001cf461ec610]

GC Heap History (10 events):
Event: 0.466 GC heap before
{Heap before GC invocations=0 (full 0):
 garbage-first heap   total 131072K, used 21504K [0x0000000081000000, 0x0000000100000000)
  region size 1024K, 21 young (21504K), 0 survivors (0K)
 Metaspace       used 5591K, committed 5824K, reserved 1114112K
  class space    used 656K, committed 768K, reserved 1048576K
}
Event: 0.470 GC heap after
{Heap after GC invocations=1 (full 0):
 garbage-first heap   total 131072K, used 3643K [0x0000000081000000, 0x0000000100000000)
  region size 1024K, 3 young (3072K), 3 survivors (3072K)
 Metaspace       used 5591K, committed 5824K, reserved 1114112K
  class space    used 656K, committed 768K, reserved 1048576K
}
Event: 0.853 GC heap before
{Heap before GC invocations=1 (full 0):
 garbage-first heap   total 131072K, used 32315K [0x0000000081000000, 0x0000000100000000)
  region size 1024K, 31 young (31744K), 3 survivors (3072K)
 Metaspace       used 9117K, committed 9280K, reserved 1114112K
  class space    used 1077K, committed 1152K, reserved 1048576K
}
Event: 0.857 GC heap after
{Heap after GC invocations=2 (full 0):
 garbage-first heap   total 131072K, used 5221K [0x0000000081000000, 0x0000000100000000)
  region size 1024K, 2 young (2048K), 2 survivors (2048K)
 Metaspace       used 9117K, committed 9280K, reserved 1114112K
  class space    used 1077K, committed 1152K, reserved 1048576K
}
Event: 1.899 GC heap before
{Heap before GC invocations=2 (full 0):
 garbage-first heap   total 131072K, used 79973K [0x0000000081000000, 0x0000000100000000)
  region size 1024K, 76 young (77824K), 2 survivors (2048K)
 Metaspace       used 16006K, committed 16256K, reserved 1114112K
  class space    used 1874K, committed 1984K, reserved 1048576K
}
Event: 1.909 GC heap after
{Heap after GC invocations=3 (full 0):
 garbage-first heap   total 131072K, used 13761K [0x0000000081000000, 0x0000000100000000)
  region size 1024K, 10 young (10240K), 10 survivors (10240K)
 Metaspace       used 16006K, committed 16256K, reserved 1114112K
  class space    used 1874K, committed 1984K, reserved 1048576K
}
Event: 3.103 GC heap before
{Heap before GC invocations=3 (full 0):
 garbage-first heap   total 131072K, used 81345K [0x0000000081000000, 0x0000000100000000)
  region size 1024K, 76 young (77824K), 10 survivors (10240K)
 Metaspace       used 16969K, committed 17280K, reserved 1114112K
  class space    used 1930K, committed 2048K, reserved 1048576K
}
Event: 3.113 GC heap after
{Heap after GC invocations=4 (full 0):
 garbage-first heap   total 131072K, used 16848K [0x0000000081000000, 0x0000000100000000)
  region size 1024K, 4 young (4096K), 4 survivors (4096K)
 Metaspace       used 16969K, committed 17280K, reserved 1114112K
  class space    used 1930K, committed 2048K, reserved 1048576K
}
Event: 4.080 GC heap before
{Heap before GC invocations=4 (full 0):
 garbage-first heap   total 131072K, used 84432K [0x0000000081000000, 0x0000000100000000)
  region size 1024K, 60 young (61440K), 4 survivors (4096K)
 Metaspace       used 21170K, committed 21504K, reserved 1114112K
  class space    used 2368K, committed 2560K, reserved 1048576K
}
Event: 4.088 GC heap after
{Heap after GC invocations=5 (full 0):
 garbage-first heap   total 131072K, used 29609K [0x0000000081000000, 0x0000000100000000)
  region size 1024K, 10 young (10240K), 10 survivors (10240K)
 Metaspace       used 21170K, committed 21504K, reserved 1114112K
  class space    used 2368K, committed 2560K, reserved 1048576K
}

Dll operation events (8 events):
Event: 0.006 Loaded shared library C:\Program Files\Java\jdk-21\bin\java.dll
Event: 0.033 Loaded shared library C:\Program Files\Java\jdk-21\bin\jsvml.dll
Event: 0.046 Loaded shared library C:\Program Files\Java\jdk-21\bin\net.dll
Event: 0.047 Loaded shared library C:\Program Files\Java\jdk-21\bin\nio.dll
Event: 0.050 Loaded shared library C:\Program Files\Java\jdk-21\bin\zip.dll
Event: 0.140 Loaded shared library C:\Program Files\Maven\apache-maven-3.9.9\lib\jansi-native\Windows\x86_64\jansi.dll
Event: 0.140 Loaded shared library C:\Program Files\Java\jdk-21\bin\jimage.dll
Event: 0.152 Loaded shared library C:\Program Files\Java\jdk-21\bin\verify.dll

Deoptimization events (20 events):
Event: 4.050 Thread 0x000001cf3b013280 DEOPT PACKING pc=0x000001cf4d3c49bc sp=0x000000084c0fd4c0
Event: 4.050 Thread 0x000001cf3b013280 DEOPT UNPACKING pc=0x000001cf4cbd46a2 sp=0x000000084c0fd410 mode 2
Event: 4.063 Thread 0x000001cf3b013280 DEOPT PACKING pc=0x000001cf46073161 sp=0x000000084c0fd540
Event: 4.063 Thread 0x000001cf3b013280 DEOPT UNPACKING pc=0x000001cf4cbd4e42 sp=0x000000084c0fc9b8 mode 0
Event: 4.063 Thread 0x000001cf3b013280 Uncommon trap: trap_request=0xffffffbe fr.pc=0x000001cf4d3f414c relative=0x00000000000002ac
Event: 4.063 Thread 0x000001cf3b013280 Uncommon trap: reason=profile_predicate action=maybe_recompile pc=0x000001cf4d3f414c method=java.util.LinkedHashMap.valuesToArray([Ljava/lang/Object;Z)[Ljava/lang/Object; @ 51 c2
Event: 4.063 Thread 0x000001cf3b013280 DEOPT PACKING pc=0x000001cf4d3f414c sp=0x000000084c0fd510
Event: 4.063 Thread 0x000001cf3b013280 DEOPT UNPACKING pc=0x000001cf4cbd46a2 sp=0x000000084c0fd4c8 mode 2
Event: 4.063 Thread 0x000001cf3b013280 Uncommon trap: trap_request=0xffffffbe fr.pc=0x000001cf4d3f414c relative=0x00000000000002ac
Event: 4.063 Thread 0x000001cf3b013280 Uncommon trap: reason=profile_predicate action=maybe_recompile pc=0x000001cf4d3f414c method=java.util.LinkedHashMap.valuesToArray([Ljava/lang/Object;Z)[Ljava/lang/Object; @ 51 c2
Event: 4.063 Thread 0x000001cf3b013280 DEOPT PACKING pc=0x000001cf4d3f414c sp=0x000000084c0fd510
Event: 4.064 Thread 0x000001cf3b013280 DEOPT UNPACKING pc=0x000001cf4cbd46a2 sp=0x000000084c0fd4c8 mode 2
Event: 4.064 Thread 0x000001cf3b013280 Uncommon trap: trap_request=0xffffffbe fr.pc=0x000001cf4d3f414c relative=0x00000000000002ac
Event: 4.064 Thread 0x000001cf3b013280 Uncommon trap: reason=profile_predicate action=maybe_recompile pc=0x000001cf4d3f414c method=java.util.LinkedHashMap.valuesToArray([Ljava/lang/Object;Z)[Ljava/lang/Object; @ 51 c2
Event: 4.064 Thread 0x000001cf3b013280 DEOPT PACKING pc=0x000001cf4d3f414c sp=0x000000084c0fd510
Event: 4.064 Thread 0x000001cf3b013280 DEOPT UNPACKING pc=0x000001cf4cbd46a2 sp=0x000000084c0fd4c8 mode 2
Event: 4.064 Thread 0x000001cf3b013280 Uncommon trap: trap_request=0xffffffbe fr.pc=0x000001cf4d3f414c relative=0x00000000000002ac
Event: 4.064 Thread 0x000001cf3b013280 Uncommon trap: reason=profile_predicate action=maybe_recompile pc=0x000001cf4d3f414c method=java.util.LinkedHashMap.valuesToArray([Ljava/lang/Object;Z)[Ljava/lang/Object; @ 51 c2
Event: 4.064 Thread 0x000001cf3b013280 DEOPT PACKING pc=0x000001cf4d3f414c sp=0x000000084c0fd510
Event: 4.064 Thread 0x000001cf3b013280 DEOPT UNPACKING pc=0x000001cf4cbd46a2 sp=0x000000084c0fd4c8 mode 2

Classes loaded (20 events):
Event: 4.073 Loading class java/security/AllPermissionCollection
Event: 4.073 Loading class java/security/AllPermissionCollection done
Event: 4.073 Loading class jdk/internal/jrtfs/SystemImage$2
Event: 4.073 Loading class jdk/internal/jrtfs/SystemImage$2 done
Event: 4.074 Loading class jdk/internal/jimage/ImageReader$Directory
Event: 4.074 Loading class jdk/internal/jimage/ImageReader$Node
Event: 4.074 Loading class jdk/internal/jimage/ImageReader$Node done
Event: 4.074 Loading class jdk/internal/jimage/ImageReader$Directory done
Event: 4.074 Loading class jdk/internal/jrtfs/SystemImage$1
Event: 4.074 Loading class jdk/internal/jrtfs/SystemImage$1 done
Event: 4.074 Loading class java/io/BufferedReader$1
Event: 4.074 Loading class java/io/BufferedReader$1 done
Event: 4.075 Loading class jdk/internal/jimage/ImageReader$SharedImageReader$LocationVisitor
Event: 4.075 Loading class jdk/internal/jimage/ImageReader$SharedImageReader$LocationVisitor done
Event: 4.075 Loading class java/nio/ByteBufferAsIntBufferL
Event: 4.075 Loading class java/nio/ByteBufferAsIntBufferL done
Event: 4.077 Loading class jdk/internal/jimage/ImageReader$Resource
Event: 4.077 Loading class jdk/internal/jimage/ImageReader$Resource done
Event: 4.077 Loading class jdk/internal/jrtfs/JrtFileAttributes
Event: 4.077 Loading class jdk/internal/jrtfs/JrtFileAttributes done

Classes unloaded (0 events):
No events

Classes redefined (0 events):
No events

Internal exceptions (20 events):
Event: 3.174 Thread 0x000001cf3b013280 Exception <a 'sun/nio/fs/WindowsException'{0x0000000088d4fe58}> (0x0000000088d4fe58) 
thrown [s\open\src\hotspot\share\prims\jni.cpp, line 520]
Event: 3.174 Thread 0x000001cf3b013280 Exception <a 'sun/nio/fs/WindowsException'{0x0000000088d504d0}> (0x0000000088d504d0) 
thrown [s\open\src\hotspot\share\prims\jni.cpp, line 520]
Event: 3.175 Thread 0x000001cf3b013280 Exception <a 'sun/nio/fs/WindowsException'{0x0000000088d50b48}> (0x0000000088d50b48) 
thrown [s\open\src\hotspot\share\prims\jni.cpp, line 520]
Event: 3.175 Thread 0x000001cf3b013280 Exception <a 'sun/nio/fs/WindowsException'{0x0000000088d511b8}> (0x0000000088d511b8) 
thrown [s\open\src\hotspot\share\prims\jni.cpp, line 520]
Event: 3.490 Thread 0x000001cf3b013280 Exception <a 'sun/nio/fs/WindowsException'{0x0000000087828060}> (0x0000000087828060) 
thrown [s\open\src\hotspot\share\prims\jni.cpp, line 520]
Event: 3.495 Thread 0x000001cf3b013280 Exception <a 'sun/nio/fs/WindowsException'{0x00000000878297f0}> (0x00000000878297f0) 
thrown [s\open\src\hotspot\share\prims\jni.cpp, line 520]
Event: 3.496 Thread 0x000001cf3b013280 Exception <a 'sun/nio/fs/WindowsException'{0x000000008782ac70}> (0x000000008782ac70) 
thrown [s\open\src\hotspot\share\prims\jni.cpp, line 520]
Event: 3.497 Thread 0x000001cf3b013280 Exception <a 'sun/nio/fs/WindowsException'{0x000000008782c270}> (0x000000008782c270) 
thrown [s\open\src\hotspot\share\prims\jni.cpp, line 520]
Event: 3.498 Thread 0x000001cf3b013280 Exception <a 'sun/nio/fs/WindowsException'{0x000000008782d7d0}> (0x000000008782d7d0) 
thrown [s\open\src\hotspot\share\prims\jni.cpp, line 520]
Event: 3.499 Thread 0x000001cf3b013280 Exception <a 'sun/nio/fs/WindowsException'{0x000000008782ecb0}> (0x000000008782ecb0) 
thrown [s\open\src\hotspot\share\prims\jni.cpp, line 520]
Event: 3.500 Thread 0x000001cf3b013280 Exception <a 'sun/nio/fs/WindowsException'{0x0000000087830270}> (0x0000000087830270) 
thrown [s\open\src\hotspot\share\prims\jni.cpp, line 520]
Event: 3.501 Thread 0x000001cf3b013280 Exception <a 'sun/nio/fs/WindowsException'{0x0000000087831770}> (0x0000000087831770) 
thrown [s\open\src\hotspot\share\prims\jni.cpp, line 520]
Event: 3.502 Thread 0x000001cf3b013280 Exception <a 'sun/nio/fs/WindowsException'{0x0000000087832d80}> (0x0000000087832d80) 
thrown [s\open\src\hotspot\share\prims\jni.cpp, line 520]
Event: 3.503 Thread 0x000001cf3b013280 Exception <a 'sun/nio/fs/WindowsException'{0x0000000087834290}> (0x0000000087834290) 
thrown [s\open\src\hotspot\share\prims\jni.cpp, line 520]
Event: 3.505 Thread 0x000001cf3b013280 Exception <a 'sun/nio/fs/WindowsException'{0x0000000087835790}> (0x0000000087835790) 
thrown [s\open\src\hotspot\share\prims\jni.cpp, line 520]
Event: 3.886 Thread 0x000001cf3b013280 Exception <a 'java/lang/NoSuchMethodError'{0x00000000869d49e0}: 'int java.lang.invoke.DirectMethodHandle$Holder.invokeInterface(java.lang.Object, java.lang.Object)'> (0x00000000869d49e0) 
thrown [s\open\src\hotspot\share\interpreter\linkResolver.cpp, line 773]
Event: 4.004 Thread 0x000001cf3b013280 Exception <a 'java/lang/NoSuchMethodError'{0x000000008613ad90}: 'int java.lang.invoke.DirectMethodHandle$Holder.invokeVirtual(java.lang.Object, java.lang.Object, java.lang.Object)'> (0x000000008613ad90) 
thrown [s\open\src\hotspot\share\interpreter\linkResolver.cpp, line 773]
Event: 4.005 Thread 0x000001cf3b013280 Exception <a 'java/lang/NoSuchMethodError'{0x0000000086140910}: 'void java.lang.invoke.DirectMethodHandle$Holder.invokeInterface(java.lang.Object, java.lang.Object, java.lang.Object)'> (0x0000000086140910) 
thrown [s\open\src\hotspot\share\interpreter\linkResolver.cpp, line 773]
Event: 4.006 Thread 0x000001cf3b013280 Exception <a 'java/lang/NoSuchMethodError'{0x000000008614b0f0}: 'int java.lang.invoke.DirectMethodHandle$Holder.invokeStaticInit(java.lang.Object, java.lang.Object, java.lang.Object)'> (0x000000008614b0f0) 
thrown [s\open\src\hotspot\share\interpreter\linkResolver.cpp, line 773]
Event: 4.096 Thread 0x000001cf3b013280 Exception <a 'sun/nio/fs/WindowsException'{0x0000000088f16928}> (0x0000000088f16928) 
thrown [s\open\src\hotspot\share\prims\jni.cpp, line 520]

ZGC Phase Switch (0 events):
No events

VM Operations (20 events):
Event: 3.801 Executing VM operation: HandshakeAllThreads (Deoptimize)
Event: 3.801 Executing VM operation: HandshakeAllThreads (Deoptimize) done
Event: 3.885 Executing VM operation: HandshakeAllThreads (Deoptimize)
Event: 3.885 Executing VM operation: HandshakeAllThreads (Deoptimize) done
Event: 4.008 Executing VM operation: HandshakeAllThreads (Deoptimize)
Event: 4.008 Executing VM operation: HandshakeAllThreads (Deoptimize) done
Event: 4.011 Executing VM operation: HandshakeAllThreads (Deoptimize)
Event: 4.011 Executing VM operation: HandshakeAllThreads (Deoptimize) done
Event: 4.015 Executing VM operation: HandshakeAllThreads (Deoptimize)
Event: 4.015 Executing VM operation: HandshakeAllThreads (Deoptimize) done
Event: 4.076 Executing VM operation: HandshakeAllThreads (Deoptimize)
Event: 4.076 Executing VM operation: HandshakeAllThreads (Deoptimize) done
Event: 4.076 Executing VM operation: HandshakeAllThreads (Deoptimize)
Event: 4.076 Executing VM operation: HandshakeAllThreads (Deoptimize) done
Event: 4.080 Executing VM operation: CollectForMetadataAllocation (Metadata GC Threshold)
Event: 4.088 Executing VM operation: CollectForMetadataAllocation (Metadata GC Threshold) done
Event: 4.101 Executing VM operation: G1PauseRemark
Event: 4.105 Executing VM operation: G1PauseRemark done
Event: 4.109 Executing VM operation: G1PauseCleanup
Event: 4.109 Executing VM operation: G1PauseCleanup done

Events (15 events):
Event: 0.019 Thread 0x000001cf3b013280 Thread added: 0x000001cf3b013280
Event: 0.031 Thread 0x000001cf5971ac00 Thread added: 0x000001cf5971ac00
Event: 0.031 Thread 0x000001cf5971b920 Thread added: 0x000001cf5971b920
Event: 0.031 Thread 0x000001cf5971d4f0 Thread added: 0x000001cf5971d4f0
Event: 0.031 Thread 0x000001cf5971ef60 Thread added: 0x000001cf5971ef60
Event: 0.031 Thread 0x000001cf5971f9c0 Thread added: 0x000001cf5971f9c0
Event: 0.031 Thread 0x000001cf597206a0 Thread added: 0x000001cf597206a0
Event: 0.031 Thread 0x000001cf59723440 Thread added: 0x000001cf59723440
Event: 0.031 Thread 0x000001cf597273e0 Thread added: 0x000001cf597273e0
Event: 0.042 Thread 0x000001cf599c0be0 Thread added: 0x000001cf599c0be0
Event: 0.044 Thread 0x000001cf599c9e40 Thread added: 0x000001cf599c9e40
Event: 0.138 Thread 0x000001cf59b8fde0 Thread added: 0x000001cf59b8fde0
Event: 0.155 Thread 0x000001cf59b8fde0 Thread exited: 0x000001cf59b8fde0
Event: 0.442 Thread 0x000001cf9f6fb7c0 Thread added: 0x000001cf9f6fb7c0
Event: 1.290 Thread 0x000001cf9fd4ae40 Thread added: 0x000001cf9fd4ae40


Dynamic libraries:
0x00007ff7239b0000 - 0x00007ff7239c0000 	C:\Program Files\Java\jdk-21\bin\java.exe
0x00007ffc82b10000 - 0x00007ffc82d08000 	C:\WINDOWS\SYSTEM32\ntdll.dll
0x00007ffc828a0000 - 0x00007ffc82962000 	C:\WINDOWS\System32\KERNEL32.DLL
0x00007ffc80620000 - 0x00007ffc80917000 	C:\WINDOWS\System32\KERNELBASE.dll
0x00007ffc80240000 - 0x00007ffc80340000 	C:\WINDOWS\System32\ucrtbase.dll
0x00007ffc5dbf0000 - 0x00007ffc5dc09000 	C:\Program Files\Java\jdk-21\bin\jli.dll
0x00007ffc5af10000 - 0x00007ffc5af2b000 	C:\Program Files\Java\jdk-21\bin\VCRUNTIME140.dll
0x00007ffc827e0000 - 0x00007ffc82891000 	C:\WINDOWS\System32\ADVAPI32.dll
0x00007ffc80b90000 - 0x00007ffc80c2e000 	C:\WINDOWS\System32\msvcrt.dll
0x00007ffc81f70000 - 0x00007ffc8200f000 	C:\WINDOWS\System32\sechost.dll
0x00007ffc829a0000 - 0x00007ffc82ac6000 	C:\WINDOWS\System32\RPCRT4.dll
0x00007ffc80340000 - 0x00007ffc80367000 	C:\WINDOWS\System32\bcrypt.dll
0x00007ffc81060000 - 0x00007ffc811fd000 	C:\WINDOWS\System32\USER32.dll
0x00007ffc80370000 - 0x00007ffc80392000 	C:\WINDOWS\System32\win32u.dll
0x00007ffc76870000 - 0x00007ffc76b0a000 	C:\WINDOWS\WinSxS\amd64_microsoft.windows.common-controls_6595b64144ccf1df_6.0.19041.5915_none_60b4b9d171f9c7c7\COMCTL32.dll
0x00007ffc82970000 - 0x00007ffc8299b000 	C:\WINDOWS\System32\GDI32.dll
0x00007ffc803a0000 - 0x00007ffc804b9000 	C:\WINDOWS\System32\gdi32full.dll
0x00007ffc801a0000 - 0x00007ffc8023d000 	C:\WINDOWS\System32\msvcp_win.dll
0x00007ffc7a2f0000 - 0x00007ffc7a2fa000 	C:\WINDOWS\SYSTEM32\VERSION.dll
0x00007ffc81f40000 - 0x00007ffc81f6f000 	C:\WINDOWS\System32\IMM32.DLL
0x00007ffc735c0000 - 0x00007ffc735cc000 	C:\Program Files\Java\jdk-21\bin\vcruntime140_1.dll
0x00007ffc53140000 - 0x00007ffc531ce000 	C:\Program Files\Java\jdk-21\bin\msvcp140.dll
0x00007ffc09d70000 - 0x00007ffc0aa83000 	C:\Program Files\Java\jdk-21\bin\server\jvm.dll
0x00007ffc80d10000 - 0x00007ffc80d7b000 	C:\WINDOWS\System32\WS2_32.dll
0x00007ffc80000000 - 0x00007ffc8004b000 	C:\WINDOWS\SYSTEM32\POWRPROF.dll
0x00007ffc77f30000 - 0x00007ffc77f57000 	C:\WINDOWS\SYSTEM32\WINMM.dll
0x00007ffc7ffe0000 - 0x00007ffc7fff2000 	C:\WINDOWS\SYSTEM32\UMPDC.dll
0x00007ffc7df20000 - 0x00007ffc7df32000 	C:\WINDOWS\SYSTEM32\kernel.appcore.dll
0x00007ffc5f770000 - 0x00007ffc5f77a000 	C:\Program Files\Java\jdk-21\bin\jimage.dll
0x00007ffc79d10000 - 0x00007ffc79f11000 	C:\WINDOWS\SYSTEM32\DBGHELP.DLL
0x00007ffc7a360000 - 0x00007ffc7a394000 	C:\WINDOWS\SYSTEM32\dbgcore.DLL
0x00007ffc80590000 - 0x00007ffc80612000 	C:\WINDOWS\System32\bcryptPrimitives.dll
0x00007ffc5aaf0000 - 0x00007ffc5ab0f000 	C:\Program Files\Java\jdk-21\bin\java.dll
0x00007ffc82010000 - 0x00007ffc8277e000 	C:\WINDOWS\System32\SHELL32.dll
0x00007ffc7e200000 - 0x00007ffc7e9a4000 	C:\WINDOWS\SYSTEM32\windows.storage.dll
0x00007ffc81be0000 - 0x00007ffc81f33000 	C:\WINDOWS\System32\combase.dll
0x00007ffc7fa20000 - 0x00007ffc7fa4b000 	C:\WINDOWS\SYSTEM32\Wldp.dll
0x00007ffc81430000 - 0x00007ffc814fd000 	C:\WINDOWS\System32\OLEAUT32.dll
0x00007ffc81b30000 - 0x00007ffc81bdd000 	C:\WINDOWS\System32\SHCORE.dll
0x00007ffc813b0000 - 0x00007ffc8140b000 	C:\WINDOWS\System32\shlwapi.dll
0x00007ffc800d0000 - 0x00007ffc800f4000 	C:\WINDOWS\SYSTEM32\profapi.dll
0x00007ffc52020000 - 0x00007ffc520f7000 	C:\Program Files\Java\jdk-21\bin\jsvml.dll
0x00007ffc59560000 - 0x00007ffc59570000 	C:\Program Files\Java\jdk-21\bin\net.dll
0x00007ffc79c00000 - 0x00007ffc79d0a000 	C:\WINDOWS\SYSTEM32\WINHTTP.dll
0x00007ffc7f800000 - 0x00007ffc7f86a000 	C:\WINDOWS\system32\mswsock.dll
0x00007ffc59540000 - 0x00007ffc59556000 	C:\Program Files\Java\jdk-21\bin\nio.dll
0x00007ffc58690000 - 0x00007ffc586a8000 	C:\Program Files\Java\jdk-21\bin\zip.dll
0x00007ffc538b0000 - 0x00007ffc538d4000 	C:\Program Files\Maven\apache-maven-3.9.9\lib\jansi-native\Windows\x86_64\jansi.dll
0x00007ffc5aae0000 - 0x00007ffc5aaf0000 	C:\Program Files\Java\jdk-21\bin\verify.dll
0x00007ffc7f390000 - 0x00007ffc7f3c3000 	C:\WINDOWS\SYSTEM32\ntmarta.dll

dbghelp: loaded successfully - version: 4.0.5 - missing functions: none
symbol engine: initialized successfully - sym options: 0x614 - pdb path: .;C:\Program Files\Java\jdk-21\bin;C:\WINDOWS\SYSTEM32;C:\WINDOWS\WinSxS\amd64_microsoft.windows.common-controls_6595b64144ccf1df_6.0.19041.5915_none_60b4b9d171f9c7c7;C:\Program Files\Java\jdk-21\bin\server;C:\Program Files\Maven\apache-maven-3.9.9\lib\jansi-native\Windows\x86_64

VM Arguments:
jvm_args: -Dclassworlds.conf=C:\Program Files\Maven\apache-maven-3.9.9\bin\m2.conf -Dmaven.home=C:\Program Files\Maven\apache-maven-3.9.9 -Dlibrary.jansi.path=C:\Program Files\Maven\apache-maven-3.9.9\lib\jansi-native -Dmaven.multiModuleProjectDirectory=C:\Users\Pichau\Desktop\estudos\loja-automatica 
java_command: org.codehaus.plexus.classworlds.launcher.Launcher clean install
java_class_path (initial): C:\Program Files\Maven\apache-maven-3.9.9\boot\plexus-classworlds-2.8.0.jar
Launcher Type: SUN_STANDARD

[Global flags]
     intx CICompilerCount                          = 3                                         {product} {ergonomic}
     uint ConcGCThreads                            = 2                                         {product} {ergonomic}
     uint G1ConcRefinementThreads                  = 6                                         {product} {ergonomic}
   size_t G1HeapRegionSize                         = 1048576                                   {product} {ergonomic}
    uintx GCDrainStackTargetSize                   = 64                                        {product} {ergonomic}
   size_t InitialHeapSize                          = 134217728                                 {product} {ergonomic}
   size_t MarkStackSize                            = 4194304                                   {product} {ergonomic}
   size_t MaxHeapSize                              = 2130706432                                {product} {ergonomic}
   size_t MaxNewSize                               = 1278214144                                {product} {ergonomic}
   size_t MinHeapDeltaBytes                        = 1048576                                   {product} {ergonomic}
   size_t MinHeapSize                              = 8388608                                   {product} {ergonomic}
    uintx NonNMethodCodeHeapSize                   = 5832780                                {pd product} {ergonomic}
    uintx NonProfiledCodeHeapSize                  = 122912730                              {pd product} {ergonomic}
    uintx ProfiledCodeHeapSize                     = 122912730                              {pd product} {ergonomic}
    uintx ReservedCodeCacheSize                    = 251658240                              {pd product} {ergonomic}
     bool SegmentedCodeCache                       = true                                      {product} {ergonomic}
   size_t SoftMaxHeapSize                          = 2130706432                             {manageable} {ergonomic}
     bool UseCompressedOops                        = true                           {product lp64_product} {ergonomic}
     bool UseG1GC                                  = true                                      {product} {ergonomic}
     bool UseLargePagesIndividualAllocation        = false                                  {pd product} {ergonomic}

Logging:
Log output configuration:
 #0: stdout all=warning uptime,level,tags foldmultilines=false
 #1: stderr all=off uptime,level,tags foldmultilines=false

Environment Variables:
JAVA_HOME=C:\Program Files\Java\jdk-21
PATH=C:\Program Files\Java\jdk-21\bin;C:\Windows\System32\Wbem;C:\Windows\System32\WindowsPowerShell\v1.0\;C:\Windows\System32\OpenSSH\;C:\Program Files (x86)\Intel\Intel(R) Management Engine Components\DAL;C:\Program Files\Intel\Intel(R) Management Engine Components\DAL;C:\Program Files (x86)\NVIDIA Corporation\PhysX\Common;C:\Program Files\NVIDIA Corporation\NVIDIA NvDLISR;C:\WINDOWS\system32;C:\WINDOWS;C:\WINDOWS\System32\Wbem;C:\WINDOWS\System32\WindowsPowerShell\v1.0\;C:\WINDOWS\System32\OpenSSH\;C:\Program Files\dotnet\;C:\Program Files\Git\cmd;C:\Program Files\Maven\apache-maven-3.9.9\bin;C:\Program Files\Docker\Docker\resources\bin;C:\Program Files\MySQL\MySQL Server 9.1\bin;C:\Program Files\nodejs\;C:\Program Files\Sqlite\sqlite-tools-win-x64-3490100;C:\Program Files\PostgreSQL\15\bin;C:\Ruby34-x64\bin;C:\Users\Pichau\AppData\Local\Programs\Python\Python312\Scripts\;C:\Users\Pichau\AppData\Local\Programs\Python\Python312\;C:\Users\Pichau\AppData\Local\Programs\Python\Python39\Scripts\;C:\Users\Pichau\AppData\Local\Programs\Python\Python39\;C:\Users\Pichau\AppData\Local\Microsoft\WindowsApps;C:\Users\Pichau\AppData\Local\Programs\Microsoft VS Code\bin;C:\Users\Pichau\AppData\Local\GitHubDesktop\bin;C:\intelFPGA_pro\24.1\questa_fse\win64;C:\altera\13.0sp1\modelsim_ase\win32aloem;C:\altera\13.0sp1\modelsim_ae\win32aloem;C:\Users\Pichau\AppData\Local\Microsoft\WinGet\Packages\Schniz.fnm_Microsoft.Winget.Source_8wekyb3d8bbwe;C:\Users\Pichau\AppData\Roaming\npm
USERNAME=Pichau
LANG=en_US.UTF-8
OS=Windows_NT
PROCESSOR_IDENTIFIER=Intel64 Family 6 Model 158 Stepping 10, GenuineIntel
TMP=C:\Users\Pichau\AppData\Local\Temp
TEMP=C:\Users\Pichau\AppData\Local\Temp




---------------  S Y S T E M  ---------------

OS:
 Windows 10 , 64 bit Build 19041 (10.0.19041.5915)
OS uptime: 0 days 3:00 hours
Hyper-V role detected

CPU: total 6 (initial active 6) (6 cores per cpu, 1 threads per core) family 6 model 158 stepping 10 microcode 0xb4, cx8, cmov, fxsr, mmx, 3dnowpref, sse, sse2, sse3, ssse3, sse4.1, sse4.2, popcnt, lzcnt, tsc, tscinvbit, avx, avx2, aes, erms, clmul, bmi1, bmi2, adx, fma, vzeroupper, clflush, clflushopt, hv, rdtscp, f16c
Processor Information for all 6 processors :
  Max Mhz: 2904, Current Mhz: 2904, Mhz Limit: 2904

Memory: 4k page, system-wide physical 8127M (698M free)
TotalPageFile size 15756M (AvailPageFile size 2427M)
current process WorkingSet (physical memory assigned to process): 759M, peak: 759M
current process commit charge ("private bytes"): 794M, peak: 794M

vm_info: Java HotSpot(TM) 64-Bit Server VM (21+35-LTS-2513) for windows-amd64 JRE (21+35-LTS-2513), built on 2023-08-09T20:25:10Z by "mach5one" with MS VC++ 17.1 (VS2022)

END.
